app/build/outputs/logs/manifest-merger-debug-report.txt
-- Merging decision tree log ---
manifest
ADDED from src/main/AndroidManifest.xml:2:1-56:12
	xmlns:android
		ADDED from src/main/AndroidManifest.xml:2:11-69
	package
		ADDED from src/main/AndroidManifest.xml:3:5-36
		INJECTED from src/main/AndroidManifest.xml
		INJECTED from src/main/AndroidManifest.xml
	android:versionName
		INJECTED from src/main/AndroidManifest.xml
		INJECTED from src/main/AndroidManifest.xml
	android:versionCode
		INJECTED from src/main/AndroidManifest.xml
		INJECTED from src/main/AndroidManifest.xml
uses-permission#android.permission.RECEIVE_BOOT_COMPLETED
ADDED from src/main/AndroidManifest.xml:5:5-81
	android:name
		ADDED from src/main/AndroidManifest.xml:5:22-78
uses-permission#android.permission.INTERNET
ADDED from src/main/AndroidManifest.xml:6:5-67
MERGED from [com.google.android.gms:play-services-ads:8.4.0] AndroidManifest.xml:20:5-66
MERGED from [com.google.android.gms:play-services-analytics:8.4.0] AndroidManifest.xml:21:5-67
MERGED from [com.google.android.gms:play-services-appinvite:8.4.0] AndroidManifest.xml:19:5-67
MERGED from [com.google.android.gms:play-services-maps:8.4.0] AndroidManifest.xml:21:5-66
MERGED from [com.google.android.gms:play-services-gcm:8.4.0] AndroidManifest.xml:22:5-67
MERGED from [com.google.android.gms:play-services-measurement:8.4.0] AndroidManifest.xml:21:5-67
MERGED from [com.google.android.gms:play-services-maps:8.4.0] AndroidManifest.xml:21:5-66
MERGED from [com.google.android.gms:play-services-maps:8.4.0] AndroidManifest.xml:21:5-66
MERGED from [com.google.android.gms:play-services-measurement:8.4.0] AndroidManifest.xml:21:5-67
MERGED from [com.google.android.gms:play-services-maps:8.4.0] AndroidManifest.xml:21:5-66
	android:name
		ADDED from src/main/AndroidManifest.xml:6:22-64
uses-permission#android.permission.READ_EXTERNAL_STORAGE
ADDED from src/main/AndroidManifest.xml:7:5-80
	android:name
		ADDED from src/main/AndroidManifest.xml:7:22-77
application
ADDED from src/main/AndroidManifest.xml:13:5-54:19
MERGED from [com.android.support:appcompat-v7:23.4.0] AndroidManifest.xml:25:5-20
MERGED from [com.android.support:animated-vector-drawable:23.4.0] AndroidManifest.xml:7:5-20
MERGED from [com.android.support:support-vector-drawable:23.4.0] AndroidManifest.xml:7:5-20
MERGED from [com.android.support:support-v4:23.4.0] AndroidManifest.xml:22:5-20
MERGED from [com.android.support:support-v4:23.4.0] AndroidManifest.xml:22:5-20
MERGED from [com.android.support:support-vector-drawable:23.4.0] AndroidManifest.xml:7:5-20
MERGED from [com.android.support:support-v4:23.4.0] AndroidManifest.xml:22:5-20
MERGED from [com.android.support:support-v4:23.4.0] AndroidManifest.xml:22:5-20
MERGED from [com.google.android.gms:play-services:8.4.0] AndroidManifest.xml:19:5-20
MERGED from [com.google.android.gms:play-services-ads:8.4.0] AndroidManifest.xml:24:5-32:19
MERGED from [com.google.android.gms:play-services-basement:8.4.0] AndroidManifest.xml:20:5-24:19
MERGED from [com.android.support:support-v4:23.4.0] AndroidManifest.xml:22:5-20
MERGED from [com.google.android.gms:play-services-analytics:8.4.0] AndroidManifest.xml:24:5-20
MERGED from [com.google.android.gms:play-services-basement:8.4.0] AndroidManifest.xml:20:5-24:19
MERGED from [com.android.support:support-v4:23.4.0] AndroidManifest.xml:22:5-20
MERGED from [com.google.android.gms:play-services-appindexing:8.4.0] AndroidManifest.xml:19:5-20
MERGED from [com.google.android.gms:play-services-basement:8.4.0] AndroidManifest.xml:20:5-24:19
MERGED from [com.android.support:support-v4:23.4.0] AndroidManifest.xml:22:5-20
MERGED from [com.google.android.gms:play-services-appinvite:8.4.0] AndroidManifest.xml:20:5-30:19
MERGED from [com.google.android.gms:play-services-basement:8.4.0] AndroidManifest.xml:20:5-24:19
MERGED from [com.android.support:support-v4:23.4.0] AndroidManifest.xml:22:5-20
MERGED from [com.google.android.gms:play-services-appstate:8.4.0] AndroidManifest.xml:19:5-20
MERGED from [com.google.android.gms:play-services-basement:8.4.0] AndroidManifest.xml:20:5-24:19
MERGED from [com.android.support:support-v4:23.4.0] AndroidManifest.xml:22:5-20
MERGED from [com.google.android.gms:play-services-auth:8.4.0] AndroidManifest.xml:20:5-32:19
MERGED from [com.google.android.gms:play-services-basement:8.4.0] AndroidManifest.xml:20:5-24:19
MERGED from [com.android.support:support-v4:23.4.0] AndroidManifest.xml:22:5-20
MERGED from [com.google.android.gms:play-services-basement:8.4.0] AndroidManifest.xml:20:5-24:19
MERGED from [com.android.support:support-v4:23.4.0] AndroidManifest.xml:22:5-20
MERGED from [com.google.android.gms:play-services-basement:8.4.0] AndroidManifest.xml:20:5-24:19
MERGED from [com.android.support:support-v4:23.4.0] AndroidManifest.xml:22:5-20
MERGED from [com.google.android.gms:play-services-cast:8.4.0] AndroidManifest.xml:19:5-20
MERGED from [com.google.android.gms:play-services-basement:8.4.0] AndroidManifest.xml:20:5-24:19
MERGED from [com.android.support:support-v4:23.4.0] AndroidManifest.xml:22:5-20
MERGED from [com.android.support:mediarouter-v7:23.0.0] AndroidManifest.xml:22:5-20
MERGED from [com.android.support:appcompat-v7:23.4.0] AndroidManifest.xml:25:5-20
MERGED from [com.android.support:animated-vector-drawable:23.4.0] AndroidManifest.xml:7:5-20
MERGED from [com.android.support:support-vector-drawable:23.4.0] AndroidManifest.xml:7:5-20
MERGED from [com.android.support:support-v4:23.4.0] AndroidManifest.xml:22:5-20
MERGED from [com.android.support:support-v4:23.4.0] AndroidManifest.xml:22:5-20
MERGED from [com.android.support:support-vector-drawable:23.4.0] AndroidManifest.xml:7:5-20
MERGED from [com.android.support:support-v4:23.4.0] AndroidManifest.xml:22:5-20
MERGED from [com.google.android.gms:play-services-drive:8.4.0] AndroidManifest.xml:19:5-20
MERGED from [com.google.android.gms:play-services-basement:8.4.0] AndroidManifest.xml:20:5-24:19
MERGED from [com.android.support:support-v4:23.4.0] AndroidManifest.xml:22:5-20
MERGED from [com.google.android.gms:play-services-fitness:8.4.0] AndroidManifest.xml:19:5-20
MERGED from [com.google.android.gms:play-services-basement:8.4.0] AndroidManifest.xml:20:5-24:19
MERGED from [com.android.support:support-v4:23.4.0] AndroidManifest.xml:22:5-20
MERGED from [com.google.android.gms:play-services-location:8.4.0] AndroidManifest.xml:19:5-20
MERGED from [com.google.android.gms:play-services-basement:8.4.0] AndroidManifest.xml:20:5-24:19
MERGED from [com.android.support:support-v4:23.4.0] AndroidManifest.xml:22:5-20
MERGED from [com.google.android.gms:play-services-maps:8.4.0] AndroidManifest.xml:27:5-20
MERGED from [com.google.android.gms:play-services-basement:8.4.0] AndroidManifest.xml:20:5-24:19
MERGED from [com.android.support:support-v4:23.4.0] AndroidManifest.xml:22:5-20
MERGED from [com.google.android.gms:play-services-games:8.4.0] AndroidManifest.xml:19:5-20
MERGED from [com.google.android.gms:play-services-basement:8.4.0] AndroidManifest.xml:20:5-24:19
MERGED from [com.android.support:support-v4:23.4.0] AndroidManifest.xml:22:5-20
MERGED from [com.google.android.gms:play-services-drive:8.4.0] AndroidManifest.xml:19:5-20
MERGED from [com.google.android.gms:play-services-basement:8.4.0] AndroidManifest.xml:20:5-24:19
MERGED from [com.android.support:support-v4:23.4.0] AndroidManifest.xml:22:5-20
MERGED from [com.google.android.gms:play-services-gcm:8.4.0] AndroidManifest.xml:24:5-20
MERGED from [com.google.android.gms:play-services-basement:8.4.0] AndroidManifest.xml:20:5-24:19
MERGED from [com.android.support:support-v4:23.4.0] AndroidManifest.xml:22:5-20
MERGED from [com.google.android.gms:play-services-measurement:8.4.0] AndroidManifest.xml:26:5-46:19
MERGED from [com.google.android.gms:play-services-basement:8.4.0] AndroidManifest.xml:20:5-24:19
MERGED from [com.android.support:support-v4:23.4.0] AndroidManifest.xml:22:5-20
MERGED from [com.google.android.gms:play-services-identity:8.4.0] AndroidManifest.xml:19:5-20
MERGED from [com.google.android.gms:play-services-basement:8.4.0] AndroidManifest.xml:20:5-24:19
MERGED from [com.android.support:support-v4:23.4.0] AndroidManifest.xml:22:5-20
MERGED from [com.google.android.gms:play-services-location:8.4.0] AndroidManifest.xml:19:5-20
MERGED from [com.google.android.gms:play-services-basement:8.4.0] AndroidManifest.xml:20:5-24:19
MERGED from [com.android.support:support-v4:23.4.0] AndroidManifest.xml:22:5-20
MERGED from [com.google.android.gms:play-services-maps:8.4.0] AndroidManifest.xml:27:5-20
MERGED from [com.google.android.gms:play-services-basement:8.4.0] AndroidManifest.xml:20:5-24:19
MERGED from [com.android.support:support-v4:23.4.0] AndroidManifest.xml:22:5-20
MERGED from [com.google.android.gms:play-services-maps:8.4.0] AndroidManifest.xml:27:5-20
MERGED from [com.google.android.gms:play-services-basement:8.4.0] AndroidManifest.xml:20:5-24:19
MERGED from [com.android.support:support-v4:23.4.0] AndroidManifest.xml:22:5-20
MERGED from [com.google.android.gms:play-services-measurement:8.4.0] AndroidManifest.xml:26:5-46:19
MERGED from [com.google.android.gms:play-services-basement:8.4.0] AndroidManifest.xml:20:5-24:19
MERGED from [com.android.support:support-v4:23.4.0] AndroidManifest.xml:22:5-20
MERGED from [com.google.android.gms:play-services-nearby:8.4.0] AndroidManifest.xml:20:5-20
MERGED from [com.google.android.gms:play-services-basement:8.4.0] AndroidManifest.xml:20:5-24:19
MERGED from [com.android.support:support-v4:23.4.0] AndroidManifest.xml:22:5-20
MERGED from [com.google.android.gms:play-services-panorama:8.4.0] AndroidManifest.xml:19:5-20
MERGED from [com.google.android.gms:play-services-basement:8.4.0] AndroidManifest.xml:20:5-24:19
MERGED from [com.android.support:support-v4:23.4.0] AndroidManifest.xml:22:5-20
MERGED from [com.google.android.gms:play-services-plus:8.4.0] AndroidManifest.xml:19:5-20
MERGED from [com.google.android.gms:play-services-basement:8.4.0] AndroidManifest.xml:20:5-24:19
MERGED from [com.android.support:support-v4:23.4.0] AndroidManifest.xml:22:5-20
MERGED from [com.google.android.gms:play-services-safetynet:8.4.0] AndroidManifest.xml:19:5-20
MERGED from [com.google.android.gms:play-services-basement:8.4.0] AndroidManifest.xml:20:5-24:19
MERGED from [com.android.support:support-v4:23.4.0] AndroidManifest.xml:22:5-20
MERGED from [com.google.android.gms:play-services-vision:8.4.0] AndroidManifest.xml:5:5-20
MERGED from [com.google.android.gms:play-services-basement:8.4.0] AndroidManifest.xml:20:5-24:19
MERGED from [com.android.support:support-v4:23.4.0] AndroidManifest.xml:22:5-20
MERGED from [com.google.android.gms:play-services-basement:8.4.0] AndroidManifest.xml:20:5-24:19
MERGED from [com.android.support:support-v4:23.4.0] AndroidManifest.xml:22:5-20
MERGED from [com.google.android.gms:play-services-identity:8.4.0] AndroidManifest.xml:19:5-20
MERGED from [com.google.android.gms:play-services-basement:8.4.0] AndroidManifest.xml:20:5-24:19
MERGED from [com.android.support:support-v4:23.4.0] AndroidManifest.xml:22:5-20
MERGED from [com.google.android.gms:play-services-maps:8.4.0] AndroidManifest.xml:27:5-20
MERGED from [com.google.android.gms:play-services-basement:8.4.0] AndroidManifest.xml:20:5-24:19
MERGED from [com.android.support:support-v4:23.4.0] AndroidManifest.xml:22:5-20
MERGED from [com.google.android.gms:play-services-wearable:8.4.0] AndroidManifest.xml:19:5-20
MERGED from [com.google.android.gms:play-services-basement:8.4.0] AndroidManifest.xml:20:5-24:19
MERGED from [com.android.support:support-v4:23.4.0] AndroidManifest.xml:22:5-20
	android:supportsRtl
		ADDED from src/main/AndroidManifest.xml:18:9-35
	android:label
		ADDED from src/main/AndroidManifest.xml:17:9-41
	android:allowBackup
		ADDED from src/main/AndroidManifest.xml:15:9-35
	android:icon
		ADDED from src/main/AndroidManifest.xml:16:9-43
	android:theme
		ADDED from src/main/AndroidManifest.xml:19:9-40
	android:name
		ADDED from src/main/AndroidManifest.xml:14:9-42
activity#com.schoolshieldchild.view.activity.SplashActivity
ADDED from src/main/AndroidManifest.xml:20:9-28:20
	android:screenOrientation
		ADDED from src/main/AndroidManifest.xml:22:13-49
	android:name
		ADDED from src/main/AndroidManifest.xml:21:13-57
intent-filter#android.intent.action.MAIN+android.intent.category.LAUNCHER
ADDED from src/main/AndroidManifest.xml:23:13-27:29
action#android.intent.action.MAIN
ADDED from src/main/AndroidManifest.xml:24:17-69
	android:name
		ADDED from src/main/AndroidManifest.xml:24:25-66
category#android.intent.category.LAUNCHER
ADDED from src/main/AndroidManifest.xml:26:17-77
	android:name
		ADDED from src/main/AndroidManifest.xml:26:27-74
activity#com.schoolshieldchild.view.activity.TutorialActivity
ADDED from src/main/AndroidManifest.xml:29:9-31:52
	android:screenOrientation
		ADDED from src/main/AndroidManifest.xml:31:13-49
	android:name
		ADDED from src/main/AndroidManifest.xml:30:13-59
activity#com.schoolshieldchild.view.activity.LoginActivity
ADDED from src/main/AndroidManifest.xml:32:9-34:52
	android:screenOrientation
		ADDED from src/main/AndroidManifest.xml:34:13-49
	android:name
		ADDED from src/main/AndroidManifest.xml:33:13-56
service#com.schoolshieldchild.pushnotification.RegestrationIntentservice
ADDED from src/main/AndroidManifest.xml:36:9-79
	android:name
		ADDED from src/main/AndroidManifest.xml:36:18-76
activity#com.schoolshieldchild.view.activity.HomeActivity
ADDED from src/main/AndroidManifest.xml:38:9-64
	android:name
		ADDED from src/main/AndroidManifest.xml:38:19-61
service#com.schoolshieldchild.view.services.UploadApplications
ADDED from src/main/AndroidManifest.xml:40:9-43:47
	android:exported
		ADDED from src/main/AndroidManifest.xml:43:13-36
	android:enabled
		ADDED from src/main/AndroidManifest.xml:42:13-35
	android:name
		ADDED from src/main/AndroidManifest.xml:41:13-61
receiver#com.schoolshieldchild.view.services.BootUpReceiver
ADDED from src/main/AndroidManifest.xml:46:9-52:20
	android:enabled
		ADDED from src/main/AndroidManifest.xml:46:19-41
	android:permission
		ADDED from src/main/AndroidManifest.xml:47:13-75
	android:name
		ADDED from src/main/AndroidManifest.xml:46:42-86
intent-filter#android.intent.action.BOOT_COMPLETED+android.intent.category.DEFAULT
ADDED from src/main/AndroidManifest.xml:48:13-51:29
action#android.intent.action.BOOT_COMPLETED
ADDED from src/main/AndroidManifest.xml:49:17-79
	android:name
		ADDED from src/main/AndroidManifest.xml:49:25-76
category#android.intent.category.DEFAULT
ADDED from src/main/AndroidManifest.xml:50:17-76
	android:name
		ADDED from src/main/AndroidManifest.xml:50:27-73
uses-sdk
INJECTED from src/main/AndroidManifest.xml reason: use-sdk injection requested
MERGED from [com.android.support:appcompat-v7:23.4.0] AndroidManifest.xml:21:5-23:78
MERGED from [com.android.support:animated-vector-drawable:23.4.0] AndroidManifest.xml:5:5-44
MERGED from [com.android.support:support-vector-drawable:23.4.0] AndroidManifest.xml:5:5-43
MERGED from [com.android.support:support-v4:23.4.0] AndroidManifest.xml:20:5-43
MERGED from [com.android.support:support-v4:23.4.0] AndroidManifest.xml:20:5-43
MERGED from [com.android.support:support-vector-drawable:23.4.0] AndroidManifest.xml:5:5-43
MERGED from [com.android.support:support-v4:23.4.0] AndroidManifest.xml:20:5-43
MERGED from [com.jakewharton:butterknife:8.2.1] AndroidManifest.xml:5:5-43
MERGED from [schoolshieldchild:library:unspecified] AndroidManifest.xml:7:5-9:40
MERGED from [com.android.support:support-v4:23.4.0] AndroidManifest.xml:20:5-43
MERGED from [com.google.android.gms:play-services:8.4.0] AndroidManifest.xml:18:5-42
MERGED from [com.google.android.gms:play-services-ads:8.4.0] AndroidManifest.xml:23:5-42
MERGED from [com.google.android.gms:play-services-basement:8.4.0] AndroidManifest.xml:18:5-42
MERGED from [com.android.support:support-v4:23.4.0] AndroidManifest.xml:20:5-43
MERGED from [com.google.android.gms:play-services-analytics:8.4.0] AndroidManifest.xml:18:5-42
MERGED from [com.google.android.gms:play-services-basement:8.4.0] AndroidManifest.xml:18:5-42
MERGED from [com.android.support:support-v4:23.4.0] AndroidManifest.xml:20:5-43
MERGED from [com.google.android.gms:play-services-appindexing:8.4.0] AndroidManifest.xml:18:5-42
MERGED from [com.google.android.gms:play-services-base:8.4.0] AndroidManifest.xml:18:5-42
MERGED from [com.google.android.gms:play-services-basement:8.4.0] AndroidManifest.xml:18:5-42
MERGED from [com.android.support:support-v4:23.4.0] AndroidManifest.xml:20:5-43
MERGED from [com.google.android.gms:play-services-appinvite:8.4.0] AndroidManifest.xml:18:5-42
MERGED from [com.google.android.gms:play-services-base:8.4.0] AndroidManifest.xml:18:5-42
MERGED from [com.google.android.gms:play-services-basement:8.4.0] AndroidManifest.xml:18:5-42
MERGED from [com.android.support:support-v4:23.4.0] AndroidManifest.xml:20:5-43
MERGED from [com.google.android.gms:play-services-appstate:8.4.0] AndroidManifest.xml:18:5-42
MERGED from [com.google.android.gms:play-services-base:8.4.0] AndroidManifest.xml:18:5-42
MERGED from [com.google.android.gms:play-services-basement:8.4.0] AndroidManifest.xml:18:5-42
MERGED from [com.android.support:support-v4:23.4.0] AndroidManifest.xml:20:5-43
MERGED from [com.google.android.gms:play-services-auth:8.4.0] AndroidManifest.xml:18:5-43
MERGED from [com.google.android.gms:play-services-base:8.4.0] AndroidManifest.xml:18:5-42
MERGED from [com.google.android.gms:play-services-basement:8.4.0] AndroidManifest.xml:18:5-42
MERGED from [com.android.support:support-v4:23.4.0] AndroidManifest.xml:20:5-43
MERGED from [com.google.android.gms:play-services-base:8.4.0] AndroidManifest.xml:18:5-42
MERGED from [com.google.android.gms:play-services-basement:8.4.0] AndroidManifest.xml:18:5-42
MERGED from [com.android.support:support-v4:23.4.0] AndroidManifest.xml:20:5-43
MERGED from [com.google.android.gms:play-services-basement:8.4.0] AndroidManifest.xml:18:5-42
MERGED from [com.android.support:support-v4:23.4.0] AndroidManifest.xml:20:5-43
MERGED from [com.google.android.gms:play-services-cast:8.4.0] AndroidManifest.xml:18:5-42
MERGED from [com.google.android.gms:play-services-base:8.4.0] AndroidManifest.xml:18:5-42
MERGED from [com.google.android.gms:play-services-basement:8.4.0] AndroidManifest.xml:18:5-42
MERGED from [com.android.support:support-v4:23.4.0] AndroidManifest.xml:20:5-43
MERGED from [com.android.support:mediarouter-v7:23.0.0] AndroidManifest.xml:20:5-43
MERGED from [com.android.support:appcompat-v7:23.4.0] AndroidManifest.xml:21:5-23:78
MERGED from [com.android.support:animated-vector-drawable:23.4.0] AndroidManifest.xml:5:5-44
MERGED from [com.android.support:support-vector-drawable:23.4.0] AndroidManifest.xml:5:5-43
MERGED from [com.android.support:support-v4:23.4.0] AndroidManifest.xml:20:5-43
MERGED from [com.android.support:support-v4:23.4.0] AndroidManifest.xml:20:5-43
MERGED from [com.android.support:support-vector-drawable:23.4.0] AndroidManifest.xml:5:5-43
MERGED from [com.android.support:support-v4:23.4.0] AndroidManifest.xml:20:5-43
MERGED from [com.google.android.gms:play-services-drive:8.4.0] AndroidManifest.xml:18:5-42
MERGED from [com.google.android.gms:play-services-base:8.4.0] AndroidManifest.xml:18:5-42
MERGED from [com.google.android.gms:play-services-basement:8.4.0] AndroidManifest.xml:18:5-42
MERGED from [com.android.support:support-v4:23.4.0] AndroidManifest.xml:20:5-43
MERGED from [com.google.android.gms:play-services-fitness:8.4.0] AndroidManifest.xml:18:5-42
MERGED from [com.google.android.gms:play-services-base:8.4.0] AndroidManifest.xml:18:5-42
MERGED from [com.google.android.gms:play-services-basement:8.4.0] AndroidManifest.xml:18:5-42
MERGED from [com.android.support:support-v4:23.4.0] AndroidManifest.xml:20:5-43
MERGED from [com.google.android.gms:play-services-location:8.4.0] AndroidManifest.xml:18:5-42
MERGED from [com.google.android.gms:play-services-base:8.4.0] AndroidManifest.xml:18:5-42
MERGED from [com.google.android.gms:play-services-basement:8.4.0] AndroidManifest.xml:18:5-42
MERGED from [com.android.support:support-v4:23.4.0] AndroidManifest.xml:20:5-43
MERGED from [com.google.android.gms:play-services-maps:8.4.0] AndroidManifest.xml:26:5-42
MERGED from [com.google.android.gms:play-services-base:8.4.0] AndroidManifest.xml:18:5-42
MERGED from [com.google.android.gms:play-services-basement:8.4.0] AndroidManifest.xml:18:5-42
MERGED from [com.android.support:support-v4:23.4.0] AndroidManifest.xml:20:5-43
MERGED from [com.google.android.gms:play-services-games:8.4.0] AndroidManifest.xml:18:5-42
MERGED from [com.google.android.gms:play-services-base:8.4.0] AndroidManifest.xml:18:5-42
MERGED from [com.google.android.gms:play-services-basement:8.4.0] AndroidManifest.xml:18:5-42
MERGED from [com.android.support:support-v4:23.4.0] AndroidManifest.xml:20:5-43
MERGED from [com.google.android.gms:play-services-drive:8.4.0] AndroidManifest.xml:18:5-42
MERGED from [com.google.android.gms:play-services-base:8.4.0] AndroidManifest.xml:18:5-42
MERGED from [com.google.android.gms:play-services-basement:8.4.0] AndroidManifest.xml:18:5-42
MERGED from [com.android.support:support-v4:23.4.0] AndroidManifest.xml:20:5-43
MERGED from [com.google.android.gms:play-services-gcm:8.4.0] AndroidManifest.xml:18:5-42
MERGED from [com.google.android.gms:play-services-base:8.4.0] AndroidManifest.xml:18:5-42
MERGED from [com.google.android.gms:play-services-basement:8.4.0] AndroidManifest.xml:18:5-42
MERGED from [com.android.support:support-v4:23.4.0] AndroidManifest.xml:20:5-43
MERGED from [com.google.android.gms:play-services-measurement:8.4.0] AndroidManifest.xml:18:5-42
MERGED from [com.google.android.gms:play-services-basement:8.4.0] AndroidManifest.xml:18:5-42
MERGED from [com.android.support:support-v4:23.4.0] AndroidManifest.xml:20:5-43
MERGED from [com.google.android.gms:play-services-identity:8.4.0] AndroidManifest.xml:18:5-42
MERGED from [com.google.android.gms:play-services-base:8.4.0] AndroidManifest.xml:18:5-42
MERGED from [com.google.android.gms:play-services-basement:8.4.0] AndroidManifest.xml:18:5-42
MERGED from [com.android.support:support-v4:23.4.0] AndroidManifest.xml:20:5-43
MERGED from [com.google.android.gms:play-services-location:8.4.0] AndroidManifest.xml:18:5-42
MERGED from [com.google.android.gms:play-services-base:8.4.0] AndroidManifest.xml:18:5-42
MERGED from [com.google.android.gms:play-services-basement:8.4.0] AndroidManifest.xml:18:5-42
MERGED from [com.android.support:support-v4:23.4.0] AndroidManifest.xml:20:5-43
MERGED from [com.google.android.gms:play-services-maps:8.4.0] AndroidManifest.xml:26:5-42
MERGED from [com.google.android.gms:play-services-base:8.4.0] AndroidManifest.xml:18:5-42
MERGED from [com.google.android.gms:play-services-basement:8.4.0] AndroidManifest.xml:18:5-42
MERGED from [com.android.support:support-v4:23.4.0] AndroidManifest.xml:20:5-43
MERGED from [com.google.android.gms:play-services-maps:8.4.0] AndroidManifest.xml:26:5-42
MERGED from [com.google.android.gms:play-services-base:8.4.0] AndroidManifest.xml:18:5-42
MERGED from [com.google.android.gms:play-services-basement:8.4.0] AndroidManifest.xml:18:5-42
MERGED from [com.android.support:support-v4:23.4.0] AndroidManifest.xml:20:5-43
MERGED from [com.google.android.gms:play-services-measurement:8.4.0] AndroidManifest.xml:18:5-42
MERGED from [com.google.android.gms:play-services-basement:8.4.0] AndroidManifest.xml:18:5-42
MERGED from [com.android.support:support-v4:23.4.0] AndroidManifest.xml:20:5-43
MERGED from [com.google.android.gms:play-services-nearby:8.4.0] AndroidManifest.xml:18:5-42
MERGED from [com.google.android.gms:play-services-base:8.4.0] AndroidManifest.xml:18:5-42
MERGED from [com.google.android.gms:play-services-basement:8.4.0] AndroidManifest.xml:18:5-42
MERGED from [com.android.support:support-v4:23.4.0] AndroidManifest.xml:20:5-43
MERGED from [com.google.android.gms:play-services-panorama:8.4.0] AndroidManifest.xml:18:5-42
MERGED from [com.google.android.gms:play-services-base:8.4.0] AndroidManifest.xml:18:5-42
MERGED from [com.google.android.gms:play-services-basement:8.4.0] AndroidManifest.xml:18:5-42
MERGED from [com.android.support:support-v4:23.4.0] AndroidManifest.xml:20:5-43
MERGED from [com.google.android.gms:play-services-plus:8.4.0] AndroidManifest.xml:18:5-42
MERGED from [com.google.android.gms:play-services-base:8.4.0] AndroidManifest.xml:18:5-42
MERGED from [com.google.android.gms:play-services-basement:8.4.0] AndroidManifest.xml:18:5-42
MERGED from [com.android.support:support-v4:23.4.0] AndroidManifest.xml:20:5-43
MERGED from [com.google.android.gms:play-services-safetynet:8.4.0] AndroidManifest.xml:18:5-42
MERGED from [com.google.android.gms:play-services-base:8.4.0] AndroidManifest.xml:18:5-42
MERGED from [com.google.android.gms:play-services-basement:8.4.0] AndroidManifest.xml:18:5-42
MERGED from [com.android.support:support-v4:23.4.0] AndroidManifest.xml:20:5-43
MERGED from [com.google.android.gms:play-services-vision:8.4.0] AndroidManifest.xml:4:5-42
MERGED from [com.google.android.gms:play-services-base:8.4.0] AndroidManifest.xml:18:5-42
MERGED from [com.google.android.gms:play-services-basement:8.4.0] AndroidManifest.xml:18:5-42
MERGED from [com.android.support:support-v4:23.4.0] AndroidManifest.xml:20:5-43
MERGED from [com.google.android.gms:play-services-wallet:8.4.0] AndroidManifest.xml:19:5-42
MERGED from [com.google.android.gms:play-services-base:8.4.0] AndroidManifest.xml:18:5-42
MERGED from [com.google.android.gms:play-services-basement:8.4.0] AndroidManifest.xml:18:5-42
MERGED from [com.android.support:support-v4:23.4.0] AndroidManifest.xml:20:5-43
MERGED from [com.google.android.gms:play-services-identity:8.4.0] AndroidManifest.xml:18:5-42
MERGED from [com.google.android.gms:play-services-base:8.4.0] AndroidManifest.xml:18:5-42
MERGED from [com.google.android.gms:play-services-basement:8.4.0] AndroidManifest.xml:18:5-42
MERGED from [com.android.support:support-v4:23.4.0] AndroidManifest.xml:20:5-43
MERGED from [com.google.android.gms:play-services-maps:8.4.0] AndroidManifest.xml:26:5-42
MERGED from [com.google.android.gms:play-services-base:8.4.0] AndroidManifest.xml:18:5-42
MERGED from [com.google.android.gms:play-services-basement:8.4.0] AndroidManifest.xml:18:5-42
MERGED from [com.android.support:support-v4:23.4.0] AndroidManifest.xml:20:5-43
MERGED from [com.google.android.gms:play-services-wearable:8.4.0] AndroidManifest.xml:18:5-42
MERGED from [com.google.android.gms:play-services-base:8.4.0] AndroidManifest.xml:18:5-42
MERGED from [com.google.android.gms:play-services-basement:8.4.0] AndroidManifest.xml:18:5-42
MERGED from [com.android.support:support-v4:23.4.0] AndroidManifest.xml:20:5-43
	android:targetSdkVersion
		INJECTED from src/main/AndroidManifest.xml
		INJECTED from src/main/AndroidManifest.xml
	android:minSdkVersion
		INJECTED from src/main/AndroidManifest.xml
		INJECTED from src/main/AndroidManifest.xml
	tools:overrideLibrary
		ADDED from [com.android.support:appcompat-v7:23.4.0] AndroidManifest.xml:23:9-75
uses-permission#android.permission.ACCESS_NETWORK_STATE
ADDED from [com.google.android.gms:play-services-ads:8.4.0] AndroidManifest.xml:21:5-78
MERGED from [com.google.android.gms:play-services-analytics:8.4.0] AndroidManifest.xml:22:5-79
MERGED from [com.google.android.gms:play-services-maps:8.4.0] AndroidManifest.xml:20:5-78
MERGED from [com.google.android.gms:play-services-measurement:8.4.0] AndroidManifest.xml:22:5-79
MERGED from [com.google.android.gms:play-services-maps:8.4.0] AndroidManifest.xml:20:5-78
MERGED from [com.google.android.gms:play-services-maps:8.4.0] AndroidManifest.xml:20:5-78
MERGED from [com.google.android.gms:play-services-measurement:8.4.0] AndroidManifest.xml:22:5-79
MERGED from [com.google.android.gms:play-services-nearby:8.4.0] AndroidManifest.xml:19:5-79
MERGED from [com.google.android.gms:play-services-maps:8.4.0] AndroidManifest.xml:20:5-78
	android:name
		ADDED from [com.google.android.gms:play-services-ads:8.4.0] AndroidManifest.xml:21:22-76
activity#com.google.android.gms.ads.AdActivity
ADDED from [com.google.android.gms:play-services-ads:8.4.0] AndroidManifest.xml:26:9-29:64
	android:configChanges
		ADDED from [com.google.android.gms:play-services-ads:8.4.0] AndroidManifest.xml:28:13-122
	android:theme
		ADDED from [com.google.android.gms:play-services-ads:8.4.0] AndroidManifest.xml:29:13-61
	android:name
		ADDED from [com.google.android.gms:play-services-ads:8.4.0] AndroidManifest.xml:27:13-65
activity#com.google.android.gms.ads.purchase.InAppPurchaseActivity
ADDED from [com.google.android.gms:play-services-ads:8.4.0] AndroidManifest.xml:30:9-31:52
	android:theme
		ADDED from [com.google.android.gms:play-services-ads:8.4.0] AndroidManifest.xml:31:13-50
	android:name
		ADDED from [com.google.android.gms:play-services-ads:8.4.0] AndroidManifest.xml:30:19-91
meta-data#com.google.android.gms.version
ADDED from [com.google.android.gms:play-services-basement:8.4.0] AndroidManifest.xml:21:9-23:69
MERGED from [com.google.android.gms:play-services-basement:8.4.0] AndroidManifest.xml:21:9-23:69
MERGED from [com.google.android.gms:play-services-basement:8.4.0] AndroidManifest.xml:21:9-23:69
MERGED from [com.google.android.gms:play-services-basement:8.4.0] AndroidManifest.xml:21:9-23:69
MERGED from [com.google.android.gms:play-services-basement:8.4.0] AndroidManifest.xml:21:9-23:69
MERGED from [com.google.android.gms:play-services-basement:8.4.0] AndroidManifest.xml:21:9-23:69
MERGED from [com.google.android.gms:play-services-basement:8.4.0] AndroidManifest.xml:21:9-23:69
MERGED from [com.google.android.gms:play-services-basement:8.4.0] AndroidManifest.xml:21:9-23:69
MERGED from [com.google.android.gms:play-services-basement:8.4.0] AndroidManifest.xml:21:9-23:69
MERGED from [com.google.android.gms:play-services-basement:8.4.0] AndroidManifest.xml:21:9-23:69
MERGED from [com.google.android.gms:play-services-basement:8.4.0] AndroidManifest.xml:21:9-23:69